initial altitude:48.694624095868974
Data has been appended to bmp_data.csv
altitude: 48.66826062031401
False
False
Data has been appended to bmp_data.csv
altitude: 48.65958465052181
False
False
Data has been appended to bmp_data.csv
altitude: 48.80548234990408
False
False
Data has been appended to bmp_data.csv
altitude: 48.80294706418252
False
False
Data has been appended to bmp_data.csv
altitude: 48.669727684803725
False
False
Data has been appended to bmp_data.csv
altitude: 49.05118665948238
False
False
Data has been appended to bmp_data.csv
altitude: 48.701657168815004
False
False
Data has been appended to bmp_data.csv
altitude: 49.039561545922425
False
False
Data has been appended to bmp_data.csv
altitude: 48.90635681203222
False
False
Data has been appended to bmp_data.csv
altitude: 48.97422864188407
False
True
Data has been appended to bmp_data.csv
altitude: 48.665719811246014
False
True
Data has been appended to bmp_data.csv
altitude: 49.071500771710774
False
True
Data has been appended to bmp_data.csv
altitude: 48.71181451534802
False
True
Data has been appended to bmp_data.csv
altitude: 48.77714757176174
False
True
Data has been appended to bmp_data.csv
altitude: 48.77570208861433
False
True
Data has been appended to bmp_data.csv
altitude: 48.916526100384694
False
True
Data has been appended to bmp_data.csv
altitude: 48.89729496208454
False
True
Data has been appended to bmp_data.csv
altitude: 49.14048486492345
False
True
Data has been appended to bmp_data.csv
altitude: 48.811626296315836
False
True
Data has been appended to bmp_data.csv
altitude: 48.880610618647424
False
True
Data has been appended to bmp_data.csv
altitude: 48.66683126975636
False
True
Data has been appended to bmp_data.csv
altitude: 48.953567981353096
False
True
Data has been appended to bmp_data.csv
altitude: 48.71546896534836
False
True
Data has been appended to bmp_data.csv
altitude: 48.81529139450436
False
True
Data has been appended to bmp_data.csv
altitude: 48.76665300229286
False
True
Data has been appended to bmp_data.csv
altitude: 48.869024740284146
False
True
Data has been appended to bmp_data.csv
altitude: 48.93434133844609
False
True
Data has been appended to bmp_data.csv
altitude: 48.917664082455914
False
True
Data has been appended to bmp_data.csv
altitude: 48.774294319841715
False
True
Data has been appended to bmp_data.csv
altitude: 48.76016964667155
False
True
Data has been appended to bmp_data.csv
altitude: 48.75252279221419
False
True
Data has been appended to bmp_data.csv
altitude: 48.852350568286646
False
True
Data has been appended to bmp_data.csv
altitude: 48.83312981178341
False
True
Data has been appended to bmp_data.csv
altitude: 48.68720998031159
False
True
Data has been appended to bmp_data.csv
altitude: 48.91119236403613
False
True
Data has been appended to bmp_data.csv
altitude: 48.67053997450836
False
True
Data has been appended to bmp_data.csv
altitude: 48.935512949509516
False
True
Data has been appended to bmp_data.csv
altitude: 48.816461753483594
False
True
Data has been appended to bmp_data.csv
altitude: 48.61934966106713
False
True
Data has been appended to bmp_data.csv
altitude: 49.018686759013
False
True
Data has been appended to bmp_data.csv
altitude: 48.70762024753728
False
True
Data has been appended to bmp_data.csv
altitude: 49.091650866867056
False
True
Data has been appended to bmp_data.csv
altitude: 48.85354615918282
False
True
Data has been appended to bmp_data.csv
altitude: 49.13518576930197
False
True
Data has been appended to bmp_data.csv
altitude: 48.999474066042545
False
True
Data has been appended to bmp_data.csv
altitude: 49.05067242079186
False
True
Data has been appended to bmp_data.csv
altitude: 48.89320106859209
False
True
Data has been appended to bmp_data.csv
altitude: 48.82279238432862
False
True
Data has been appended to bmp_data.csv
altitude: 49.08266333593492
False
True
Data has been appended to bmp_data.csv
altitude: 48.895758416093884
False
True
Data has been appended to bmp_data.csv
altitude: 48.82790779849122
False
True
Data has been appended to bmp_data.csv
altitude: 48.94951939542438
False
True
Data has been appended to bmp_data.csv
altitude: 48.94951939542438
False
True
Data has been appended to bmp_data.csv
altitude: 49.11721848527649
False
True
Data has been appended to bmp_data.csv
altitude: 48.97640108793812
False
True
Data has been appended to bmp_data.csv
altitude: 49.07625229838417
False
True
Data has been appended to bmp_data.csv
altitude: 49.078812998183444
False
True
Data has been appended to bmp_data.csv
altitude: 49.078812998183444
False
True
Data has been appended to bmp_data.csv
altitude: 48.998164422201924
False
True
Data has been appended to bmp_data.csv
altitude: 49.008404714889146
False
True
Data has been appended to bmp_data.csv
altitude: 48.84582728036216
False
True
Data has been appended to bmp_data.csv
altitude: 48.967443311459895
False
True
Data has been appended to bmp_data.csv
altitude: 48.91623494739608
False
True
Data has been appended to bmp_data.csv
altitude: 48.967443311459895
False
True
Data has been appended to bmp_data.csv
altitude: 48.923921782683955
False
True
Data has been appended to bmp_data.csv
altitude: 48.977696397332465
False
True
Data has been appended to bmp_data.csv
altitude: 48.9585018215898
False
True
Data has been appended to bmp_data.csv
altitude: 49.33999449621437
False
True
Data has been appended to bmp_data.csv
altitude: 48.955936950977176
False
True
Data has been appended to bmp_data.csv
altitude: 49.00715003158405
False
True
Data has been appended to bmp_data.csv
altitude: 48.93417779975078
False
True
Data has been appended to bmp_data.csv
altitude: 49.15566236940329
False
True
Data has been appended to bmp_data.csv
altitude: 48.70889877534458
False
True
Data has been appended to bmp_data.csv
altitude: 49.09295767958846
False
True
Data has been appended to bmp_data.csv
altitude: 49.163364460123965
False
True
Data has been appended to bmp_data.csv
altitude: 49.00079468695048
False
True
Data has been appended to bmp_data.csv
altitude: 48.94957661833766
False
True
Data has been appended to bmp_data.csv
altitude: 49.168501652822556
False
True
Data has been appended to bmp_data.csv
altitude: 49.19539639659464
False
True
Data has been appended to bmp_data.csv
altitude: 49.025119706613026
False
True
Data has been appended to bmp_data.csv
altitude: 48.98417764834769
False
True
Data has been appended to bmp_data.csv
altitude: 49.157027404883266
False
True
Data has been appended to bmp_data.csv
altitude: 49.013644328741705
False
True
Data has been appended to bmp_data.csv
altitude: 48.78700810146407
False
True
Data has been appended to bmp_data.csv
altitude: 49.03539894068144
False
True
Data has been appended to bmp_data.csv
altitude: 48.9483822636516
False
True
Data has been appended to bmp_data.csv
altitude: 49.06743950597311
False
True
Data has been appended to bmp_data.csv
altitude: 49.09176552352315
False
True
Data has been appended to bmp_data.csv
altitude: 48.79985697227803
False
True
Data has been appended to bmp_data.csv
altitude: 49.10205957843776
False
True
Data has been appended to bmp_data.csv
altitude: 49.02908017147876
False
True
Data has been appended to bmp_data.csv
altitude: 48.910022668226226
False
True
Data has been appended to bmp_data.csv
altitude: 48.81271817059193
False
True
Data has been appended to bmp_data.csv
altitude: 48.999606813471274
False
True
Data has been appended to bmp_data.csv
altitude: 49.10463432495281
False
True
Data has been appended to bmp_data.csv
altitude: 49.00732805300827
False
True
Data has been appended to bmp_data.csv
altitude: 49.25317139634047
False
True
Data has been appended to bmp_data.csv
altitude: 49.01505373055169
False
True
Data has been appended to bmp_data.csv
altitude: 48.99072692101474
False
True
Data has been appended to bmp_data.csv
altitude: 48.94980244331346
False
True
Data has been appended to bmp_data.csv
altitude: 48.903725509806925
False
True
Data has been appended to bmp_data.csv
altitude: 48.93063028206833
False
True
Data has been appended to bmp_data.csv
altitude: 49.02536153753526
False
True
Data has been appended to bmp_data.csv
altitude: 49.12009315951277
False
True
Data has been appended to bmp_data.csv
altitude: 48.86022657484604
False
True
Data has been appended to bmp_data.csv
altitude: 48.935787116638764
False
True
Data has been appended to bmp_data.csv
altitude: 48.99218194327054
False
True
Data has been appended to bmp_data.csv
altitude: 49.01134941100404
False
True
Data has been appended to bmp_data.csv
altitude: 49.0600051132169
False
True
Data has been appended to bmp_data.csv
altitude: 49.0600051132169
False
True
Data has been appended to bmp_data.csv
altitude: 49.043419184764126
False
True
Data has been appended to bmp_data.csv
altitude: 48.897450795080275
False
True
Data has been appended to bmp_data.csv
altitude: 49.092075758304766
False
True
Data has been appended to bmp_data.csv
altitude: 49.193075726809546
False
True
Data has been appended to bmp_data.csv
altitude: 49.21371816264913
False
True
Data has been appended to bmp_data.csv
altitude: 48.92177872139056
False
True
Data has been appended to bmp_data.csv
altitude: 48.973015996526165
False
True
Data has been appended to bmp_data.csv
altitude: 49.28153994258346
False
True
Data has been appended to bmp_data.csv
altitude: 49.04568606448439
False
True
Data has been appended to bmp_data.csv
altitude: 49.016509964667854
False
True
Data has been appended to bmp_data.csv
altitude: 49.259793228686696
False
True
Data has been appended to bmp_data.csv
altitude: 49.16764330460276
False
True
Data has been appended to bmp_data.csv
altitude: 48.79755976847694
False
True
Data has been appended to bmp_data.csv
altitude: 49.16247925759488
False
True
Data has been appended to bmp_data.csv
altitude: 49.11124157446065
False
True
Data has been appended to bmp_data.csv
altitude: 49.211136132226414
False
True
Data has been appended to bmp_data.csv
altitude: 48.78097297300556
False
True
Data has been appended to bmp_data.csv
altitude: 48.85137573130059
False
True
Data has been appended to bmp_data.csv
altitude: 48.999926091944566
False
True
Data has been appended to bmp_data.csv
altitude: 48.97043474037162
False
True
Data has been appended to bmp_data.csv
altitude: 48.95643417952252
False
True
Data has been appended to bmp_data.csv
altitude: 49.02683698941445
False
True
Data has been appended to bmp_data.csv
altitude: 48.929523208777084
False
True
Data has been appended to bmp_data.csv
altitude: 48.859120557404545
False
True
Data has been appended to bmp_data.csv
altitude: 49.17539307355985
False
True
Data has been appended to bmp_data.csv
altitude: 49.17797731614079
False
True
Data has been appended to bmp_data.csv
altitude: 49.10240627642002
False
True
Data has been appended to bmp_data.csv
altitude: 48.91552728211967
False
True
Data has been appended to bmp_data.csv
altitude: 49.10499013876105
False
True
Data has been appended to bmp_data.csv
altitude: 49.153648201552514
False
True
Data has been appended to bmp_data.csv
altitude: 48.937272134219235
False
True
Data has been appended to bmp_data.csv
altitude: 48.91552728211967
False
True
Data has been appended to bmp_data.csv
altitude: 49.248380369845115
False
True
Data has been appended to bmp_data.csv
altitude: 49.3213681652758
False
True
Data has been appended to bmp_data.csv
altitude: 49.16916325223953
False
True
Data has been appended to bmp_data.csv
altitude: 49.13966003004189
False
True
Data has been appended to bmp_data.csv
altitude: 49.16398959615829
False
True
Data has been appended to bmp_data.csv
altitude: 48.92586755187488
False
True
Data has been appended to bmp_data.csv
altitude: 49.16140350781164
False
True
Data has been appended to bmp_data.csv
altitude: 48.94761093847324
False
True
Data has been appended to bmp_data.csv
altitude: 49.2126488947811
False
True
Data has been appended to bmp_data.csv
altitude: 49.00402953372452
False
True
Data has been appended to bmp_data.csv
altitude: 49.33429811194158
False
True
Data has been appended to bmp_data.csv
altitude: 49.17175081997904
False
True
Data has been appended to bmp_data.csv
altitude: 49.24474099188208
False
True
Data has been appended to bmp_data.csv
altitude: 49.05527699010851
False
True
Data has been appended to bmp_data.csv
altitude: 48.9362157115614
False
True
Data has been appended to bmp_data.csv
altitude: 48.97969984884525
False
True
Data has been appended to bmp_data.csv
altitude: 49.266483085355844
False
True
Data has been appended to bmp_data.csv
altitude: 49.25250779469953
False
True
Data has been appended to bmp_data.csv
altitude: 49.15259723497676
False
True
Data has been appended to bmp_data.csv
altitude: 49.06304370958092
False
True
Data has been appended to bmp_data.csv
altitude: 49.32549960661037
False
True
Data has been appended to bmp_data.csv
altitude: 49.13603495083675
False
True
Data has been appended to bmp_data.csv
altitude: 48.99523248562053
False
True
Data has been appended to bmp_data.csv
altitude: 49.189877601894516
False
True
Data has been appended to bmp_data.csv
altitude: 49.07081486722701
False
True
Data has been appended to bmp_data.csv
altitude: 49.14639900173562
False
True
Data has been appended to bmp_data.csv
altitude: 49.37416109189057
False
True
Data has been appended to bmp_data.csv
altitude: 49.579178484549146
False
True
Data has been appended to bmp_data.csv
altitude: 49.05425939969085
False
True
Data has been appended to bmp_data.csv
altitude: 49.214208491034064
False
True
Data has been appended to bmp_data.csv
altitude: 49.10032909673485
False
True
Data has been appended to bmp_data.csv
altitude: 49.178508629850135
False
True
Data has been appended to bmp_data.csv
altitude: 49.05166716804312
False
True
Data has been appended to bmp_data.csv
altitude: 49.10032909673485
False
True
Data has been appended to bmp_data.csv
altitude: 49.25150319873395
False
True
Data has been appended to bmp_data.csv
altitude: 49.132439459493845
False
True
Data has been appended to bmp_data.csv
altitude: 49.148991247299605
False
True
Data has been appended to bmp_data.csv
altitude: 49.11070199623218
False
True
Data has been appended to bmp_data.csv
altitude: 48.99423319616556
False
True
Data has been appended to bmp_data.csv
altitude: 49.14022321293975
False
True
Data has been appended to bmp_data.csv
altitude: 49.04030174265156
False
True
Data has been appended to bmp_data.csv
altitude: 49.19148281994606
False
True
Data has been appended to bmp_data.csv
altitude: 49.23755100024614
False
True
Data has been appended to bmp_data.csv
altitude: 49.26447929037374
False
True
Data has been appended to bmp_data.csv
altitude: 49.286215226743295
False
True
Data has been appended to bmp_data.csv
altitude: 49.39393465830002
False
True
Data has been appended to bmp_data.csv
altitude: 49.267075988135886
False
True
Data has been appended to bmp_data.csv
altitude: 49.08540464397333
False
True
Data has been appended to bmp_data.csv
altitude: 49.12627613958884
False
True
Data has been appended to bmp_data.csv
altitude: 49.27746771063995
False
True
Data has been appended to bmp_data.csv
altitude: 49.27746771063995
False
True
Data has been appended to bmp_data.csv
altitude: 49.15580403459855
False
True
Data has been appended to bmp_data.csv
altitude: 49.22620365699904
False
True
Data has been appended to bmp_data.csv
altitude: 49.299201815160046
False
True
Data has been appended to bmp_data.csv
altitude: 49.23140098373014
False
True
Data has been appended to bmp_data.csv
altitude: 49.04453628722353
False
True
Data has been appended to bmp_data.csv
altitude: 49.21486743009495
False
True
Data has been appended to bmp_data.csv
altitude: 49.09060242195216
False
True
Data has been appended to bmp_data.csv
altitude: 49.37999948446885
False
True
Data has been appended to bmp_data.csv
altitude: 49.06886914120156
False
True
Data has been appended to bmp_data.csv
altitude: 49.6311430062341
False
True
Data has been appended to bmp_data.csv
altitude: 48.960207163344066
False
True
Data has been appended to bmp_data.csv
altitude: 49.34173746900823
False
True
Data has been appended to bmp_data.csv
altitude: 49.39040507109009
False
True
Data has been appended to bmp_data.csv
altitude: 49.373880230043994
False
True
Data has been appended to bmp_data.csv
altitude: 49.44427915451156
False
True
Data has been appended to bmp_data.csv
altitude: 49.346942714103285
False
True
Data has been appended to bmp_data.csv
altitude: 49.206145414237945
False
True
Data has been appended to bmp_data.csv
altitude: 49.16528916785711
False
True
Data has been appended to bmp_data.csv
altitude: 49.308690220529144
False
True
Data has been appended to bmp_data.csv
altitude: 49.08968290969037
False
True
Data has been appended to bmp_data.csv
altitude: 49.52249106021093
False
True
Data has been appended to bmp_data.csv
altitude: 49.552036948117106
False
True
Data has been appended to bmp_data.csv
altitude: 49.8518854379358
False
True
Data has been appended to bmp_data.csv
altitude: 50.4333534357717
False
False
Data has been appended to bmp_data.csv
altitude: 50.05179640877251
False
True
Data has been appended to bmp_data.csv
altitude: 50.70890737855201
False
False
Data has been appended to bmp_data.csv
altitude: 51.433842453406946
False
False
Data has been appended to bmp_data.csv
altitude: 51.6337987747761
False
False
Data has been appended to bmp_data.csv
altitude: 51.80081825175276
False
False
Data has been appended to bmp_data.csv
altitude: 51.67648752043257
False
False
Data has been appended to bmp_data.csv
altitude: 52.84493127084594
False
False
Data has been appended to bmp_data.csv
altitude: 53.48579089904809
False
False
Data has been appended to bmp_data.csv
altitude: 53.63186631228026
True
False
Data has been appended to bmp_data.csv
altitude: 53.904949328393826
True
False
Data has been appended to bmp_data.csv
altitude: 54.71371163877722
True
False
Data has been appended to bmp_data.csv
altitude: 55.32245452492341
True
False
Data has been appended to bmp_data.csv
altitude: 55.646957598559716
True
False
Data has been appended to bmp_data.csv
altitude: 55.703608987052746
True
False
Data has been appended to bmp_data.csv
altitude: 56.001141402062615
True
False
Data has been appended to bmp_data.csv
altitude: 56.875225775096844
True
False
Data has been appended to bmp_data.csv
altitude: 56.80216162402708
True
False
Data has been appended to bmp_data.csv
altitude: 57.602837593108596
True
False
Data has been appended to bmp_data.csv
altitude: 57.65421744072127
True
False
Data has been appended to bmp_data.csv
altitude: 58.89920263696287
True
False
Data has been appended to bmp_data.csv
altitude: 58.93158219311068
True
False
Data has been appended to bmp_data.csv
altitude: 60.02252868010835
True
False
Data has been appended to bmp_data.csv
altitude: 60.23352260488255
True
False
Data has been appended to bmp_data.csv
altitude: 60.7425050415283
True
False
Data has been appended to bmp_data.csv
altitude: 61.532990221480766
True
False
Data has been appended to bmp_data.csv
altitude: 61.54644956867824
True
False
Data has been appended to bmp_data.csv
altitude: 61.27301711625792
True
False
Data has been appended to bmp_data.csv
altitude: 61.503099385188804
True
False
Data has been appended to bmp_data.csv
altitude: 62.0012726598974
True
False
Data has been appended to bmp_data.csv
altitude: 62.87863793576617
True
False
Data has been appended to bmp_data.csv
altitude: 62.81363128399617
True
False
Data has been appended to bmp_data.csv
altitude: 62.794667636899064
True
False
Data has been appended to bmp_data.csv
altitude: 64.1921391215968
True
False
Data has been appended to bmp_data.csv
altitude: 63.910480729757275
True
False
Data has been appended to bmp_data.csv
altitude: 64.1325830785216
True
False
Data has been appended to bmp_data.csv
altitude: 64.28971412803314
True
False
Data has been appended to bmp_data.csv
altitude: 65.15645353453588
True
False
Data has been appended to bmp_data.csv
altitude: 64.98319913462535
True
False
Data has been appended to bmp_data.csv
altitude: 65.49518323627473
True
False
Data has been appended to bmp_data.csv
altitude: 65.8203252664888
True
False
Data has been appended to bmp_data.csv
altitude: 65.99373077626528
True
False
Data has been appended to bmp_data.csv
altitude: 66.38658984382764
True
False
Data has been appended to bmp_data.csv
altitude: 66.25669690829487
True
False
Data has been appended to bmp_data.csv
altitude: 67.35676860326915
True
False
Data has been appended to bmp_data.csv
altitude: 67.60612408665928
True
False
Data has been appended to bmp_data.csv
altitude: 67.71191068579529
True
False
Data has been appended to bmp_data.csv
altitude: 68.57377630986188
True
False
Data has been appended to bmp_data.csv
altitude: 68.77165360823483
True
False
Data has been appended to bmp_data.csv
altitude: 69.22448414083705
True
False
Data has been appended to bmp_data.csv
altitude: 70.38205343661991
True
False
Data has been appended to bmp_data.csv
altitude: 70.33602894034013
True
False
Data has been appended to bmp_data.csv
altitude: 71.24702120680794
True
False
Data has been appended to bmp_data.csv
altitude: 71.1305773912303
True
False
Data has been appended to bmp_data.csv
altitude: 71.86809860721984
True
False
Data has been appended to bmp_data.csv
altitude: 72.53526478557345
True
False
Data has been appended to bmp_data.csv
altitude: 72.22917524307202
True
False
Data has been appended to bmp_data.csv
altitude: 72.87199886412839
True
False
Data has been appended to bmp_data.csv
altitude: 73.65573079268107
True
False
Data has been appended to bmp_data.csv
altitude: 73.91096756522323
True
False
Data has been appended to bmp_data.csv
altitude: 73.80012160512968
True
False
Data has been appended to bmp_data.csv
altitude: 73.89013736574454
True
False
Data has been appended to bmp_data.csv
altitude: 73.98496725682921
True
False
Data has been appended to bmp_data.csv
altitude: 73.84972590737664
True
False
Data has been appended to bmp_data.csv
altitude: 74.01019398758068
True
False
Data has been appended to bmp_data.csv
altitude: 73.78771277306836
True
False
Data has been appended to bmp_data.csv
altitude: 73.50883441080212
True
False
Data has been appended to bmp_data.csv
altitude: 73.47123905052071
True
True
Cutdown activated
Data has been appended to bmp_data.csv
altitude: 49.17125678562993
False
True
Data has been appended to bmp_data.csv
altitude: 49.12792509480218
False
True
Data has been appended to bmp_data.csv
altitude: 49.41750645354271
False
True
Data has been appended to bmp_data.csv
altitude: 49.28482823486096
False
True
Data has been appended to bmp_data.csv
altitude: 49.38225498462277
False
True
Data has been appended to bmp_data.csv
altitude: 49.41199990564398
False
True
Data has been appended to bmp_data.csv
altitude: 49.138581811635994
False
True
Data has been appended to bmp_data.csv
altitude: 49.30908448361736
False
True
Data has been appended to bmp_data.csv
altitude: 49.16293916942895
False
True
Data has been appended to bmp_data.csv
altitude: 49.43896997398803
False
True
Data has been appended to bmp_data.csv
altitude: 49.65819762872145
False
True
Data has been appended to bmp_data.csv
altitude: 49.28196177576052
False
True
Data has been appended to bmp_data.csv
altitude: 49.482237665704496
False
True
Data has been appended to bmp_data.csv
altitude: 49.24675478692086
False
True
Data has been appended to bmp_data.csv
altitude: 49.419974581635294
False
True
Data has been appended to bmp_data.csv
altitude: 49.31983248031224
False
True
Data has been appended to bmp_data.csv
altitude: 49.579666767485605
False
True
Data has been appended to bmp_data.csv
altitude: 49.4849322937334
False
True
Data has been appended to bmp_data.csv
altitude: 49.63651474618828
False
True
Data has been appended to bmp_data.csv
altitude: 49.52554965164126
False
True
Data has been appended to bmp_data.csv
altitude: 49.482224681730195
False
True
Data has been appended to bmp_data.csv
altitude: 49.86932704169862
False
True
Data has been appended to bmp_data.csv
altitude: 49.72858037536283
False
True
Data has been appended to bmp_data.csv
altitude: 50.004649635960796
False
True
Data has been appended to bmp_data.csv
altitude: 49.90720173623599
False
True
Data has been appended to bmp_data.csv
altitude: 49.7258671806293
False
False
Data has been appended to bmp_data.csv
altitude: 49.893689330105886
False
False
Data has been appended to bmp_data.csv
altitude: 49.7258671806293
False
True
Data has been appended to bmp_data.csv
altitude: 50.03981878531711
False
True
Data has been appended to bmp_data.csv
altitude: 49.54448987632321
False
True
Data has been appended to bmp_data.csv